-------------------------------------------------------------------------------
Test set: com.insuranceApp.insuranceClient.InsuranceClientServiceTest
-------------------------------------------------------------------------------
Tests run: 8, Failures: 0, Errors: 4, Skipped: 0, Time elapsed: 0.042 s <<< FAILURE! - in com.insuranceApp.insuranceClient.InsuranceClientServiceTest
getClientByFirstAndLastName  Time elapsed: 0.001 s  <<< ERROR!
java.lang.IllegalArgumentException: Page index must not be less than zero
	at com.insuranceApp.insuranceClient.InsuranceClientServiceTest.getClientByFirstAndLastName(InsuranceClientServiceTest.java:152)

getAllClient  Time elapsed: 0.001 s  <<< ERROR!
java.lang.IllegalArgumentException: Page index must not be less than zero
	at com.insuranceApp.insuranceClient.InsuranceClientServiceTest.getAllClient(InsuranceClientServiceTest.java:46)

getClientByFirstName  Time elapsed: 0.001 s  <<< ERROR!
java.lang.IllegalArgumentException: Page index must not be less than zero
	at com.insuranceApp.insuranceClient.InsuranceClientServiceTest.getClientByFirstName(InsuranceClientServiceTest.java:94)

getClientByLastName  Time elapsed: 0 s  <<< ERROR!
java.lang.IllegalArgumentException: Page index must not be less than zero
	at com.insuranceApp.insuranceClient.InsuranceClientServiceTest.getClientByLastName(InsuranceClientServiceTest.java:122)

